#
# A fatal error has been detected by the Java Runtime Environment:
#
#  EXCEPTION_ACCESS_VIOLATION (0xc0000005) at pc=0x0000000068b20082, pid=1032, tid=0x00000000000020f0
#
# JRE version: Java(TM) SE Runtime Environment (8.0_171-b11) (build 1.8.0_171-b11)
# Java VM: Java HotSpot(TM) 64-Bit Server VM (25.171-b11 mixed mode windows-amd64 compressed oops)
# Problematic frame:
# V  [jvm.dll+0xb0082]
#
# Failed to write core dump. Minidumps are not enabled by default on client versions of Windows
#
# If you would like to submit a bug report, please visit:
#   http://bugreport.java.com/bugreport/crash.jsp
#

---------------  T H R E A D  ---------------

Current thread (0x0000000004478800):  GCTaskThread [stack: 0x00000000140d0000,0x00000000141d0000] [id=8432]

siginfo: ExceptionCode=0xc0000005, reading address 0x00000000000000e8

Registers:
RAX=0x0000000000000000, RBX=0x00000000d9687680, RCX=0x000000010009e078, RDX=0x00000000d9687680
RSP=0x00000000141cf928, RBP=0x0000000013923101, RSI=0x0000000019075180, RDI=0x0000000081e20040
R8 =0x0000000000000000, R9 =0x000000010009e078, R10=0x000000000000000c, R11=0x000000000000000c
R12=0x00000000139230fd, R13=0x0000000000000005, R14=0x0000000000000000, R15=0x00000000044724f0
RIP=0x0000000068b20082, EFLAGS=0x0000000000010246

Top of Stack: (sp=0x00000000141cf928)
0x00000000141cf928:   0000000068e71b72 00000000d9687630
0x00000000141cf938:   0000000019075180 0000000019075180
0x00000000141cf948:   00000000dd3decd8 00000000dc3b0000
0x00000000141cf958:   0000000000001000 0000000019075180
0x00000000141cf968:   0000000068b83313 0000000000000000
0x00000000141cf978:   0000000019075100 00000000139230fd
0x00000000141cf988:   0000000068e71ee0 00000000dc3b7120
0x00000000141cf998:   0000000013923101 0000000019075180
0x00000000141cf9a8:   0000000081e20040 00000000dc3b7120
0x00000000141cf9b8:   0000000068e72a85 00000000dadf6060
0x00000000141cf9c8:   0000000013922501 0000000019075180
0x00000000141cf9d8:   0000000000000004 0000000019075180
0x00000000141cf9e8:   0000000068b5c61a 0000000081cdb47c
0x00000000141cf9f8:   0000000068b85157 0000000081cdb485
0x00000000141cfa08:   0000000081cdb485 0000000081bd7a29
0x00000000141cfa18:   0000000081bd7a29 0000000081e20010 

Instructions: (pc=0x0000000068b20082)
0x0000000068b20062:   e2 49 8d 0c 11 49 f7 d1 48 03 c1 49 c1 e9 03 48
0x0000000068b20072:   c1 e8 03 41 23 c1 c3 48 8b 02 48 8b d1 49 8b c9
0x0000000068b20082:   48 ff a0 e8 00 00 00 cc cc cc cc cc cc cc 80 3d
0x0000000068b20092:   aa 14 76 00 00 48 8b c1 74 1b 8b 51 08 8b 0d 03 


Register to memory mapping:

RAX=0x0000000000000000 is an unknown value
RBX=0x00000000d9687680 is an oop

[error occurred during error reporting (printing register info), id 0xc0000005]

Stack: [0x00000000140d0000,0x00000000141d0000],  sp=0x00000000141cf928,  free space=1022k
Native frames: (J=compiled Java code, j=interpreted, Vv=VM code, C=native code)
V  [jvm.dll+0xb0082]


---------------  P R O C E S S  ---------------

Java Threads: ( => current thread )
  0x000000001e68f000 JavaThread "File lock request listener" [_thread_in_native, id=3816, stack(0x0000000021930000,0x0000000021a30000)]
  0x000000001c7a0000 JavaThread "pool-1-thread-1" [_thread_blocked, id=2816, stack(0x000000001e260000,0x000000001e360000)]
  0x000000001ab30800 JavaThread "Service Thread" daemon [_thread_blocked, id=7548, stack(0x000000001af00000,0x000000001b000000)]
  0x00000000190b9800 JavaThread "C1 CompilerThread2" daemon [_thread_blocked, id=228, stack(0x000000001aa00000,0x000000001ab00000)]
  0x00000000190b3800 JavaThread "C2 CompilerThread1" daemon [_thread_blocked, id=2812, stack(0x000000001a900000,0x000000001aa00000)]
  0x00000000190af800 JavaThread "C2 CompilerThread0" daemon [_thread_blocked, id=5284, stack(0x000000001a800000,0x000000001a900000)]
  0x00000000190ac000 JavaThread "Attach Listener" daemon [_thread_blocked, id=7936, stack(0x000000001a700000,0x000000001a800000)]
  0x00000000190aa800 JavaThread "Signal Dispatcher" daemon [_thread_blocked, id=944, stack(0x000000001a600000,0x000000001a700000)]
  0x000000001909a800 JavaThread "Finalizer" daemon [_thread_blocked, id=4128, stack(0x000000001a310000,0x000000001a410000)]
  0x0000000004550000 JavaThread "Reference Handler" daemon [_thread_blocked, id=2564, stack(0x000000001a210000,0x000000001a310000)]
  0x00000000042fd800 JavaThread "main" [_thread_blocked, id=2840, stack(0x0000000004360000,0x0000000004460000)]

Other Threads:
  0x0000000019077800 VMThread [stack: 0x000000001a110000,0x000000001a210000] [id=8248]
  0x000000001ab32000 WatcherThread [stack: 0x000000001b000000,0x000000001b100000] [id=3388]

=>0x0000000004478800 (exited) GCTaskThread [stack: 0x00000000140d0000,0x00000000141d0000] [id=8432]

VM state:at safepoint (normal execution)

VM Mutex/Monitor currently owned by a thread:  ([mutex/lock_event])
[0x00000000042fc6d0] Threads_lock - owner thread: 0x0000000019077800
[0x00000000042fced0] Heap_lock - owner thread: 0x00000000042fd800

Heap:
 PSYoungGen      total 115200K, used 110002K [0x00000000d5d80000, 0x00000000ddd00000, 0x0000000100000000)
  eden space 103936K, 100% used [0x00000000d5d80000,0x00000000dc300000,0x00000000dc300000)
  from space 11264K, 53% used [0x00000000dd200000,0x00000000dd7ecb30,0x00000000ddd00000)
  to   space 13312K, 86% used [0x00000000dc300000,0x00000000dce48700,0x00000000dd000000)
 ParOldGen       total 94720K, used 21396K [0x0000000081800000, 0x0000000087480000, 0x00000000d5d80000)
  object space 94720K, 22% used [0x0000000081800000,0x0000000082ce5318,0x0000000087480000)
 Metaspace       used 47743K, capacity 48988K, committed 49240K, reserved 1091584K
  class space    used 6694K, capacity 7027K, committed 7040K, reserved 1048576K

Card table byte_map: [0x0000000013920000,0x0000000013d20000] byte_map_base: 0x0000000013514000

Marking Bits: (ParMarkBitMap*) 0x00000000692908c0
 Begin Bits: [0x00000000143d0000, 0x0000000016370000)
 End Bits:   [0x0000000016370000, 0x0000000018310000)

Polling page: 0x0000000002930000

CodeCache: size=245760Kb used=19048Kb max_used=19827Kb free=226711Kb
 bounds [0x0000000004560000, 0x00000000058d0000, 0x0000000013560000]
 total_blobs=6094 nmethods=5388 adapters=617
 compilation: enabled

Compilation events (10 events):
Event: 42.403 Thread 0x00000000190b9800 nmethod 5918 0x0000000004e87dd0 code [0x0000000004e87fa0, 0x0000000004e886c8]
Event: 42.403 Thread 0x00000000190b9800 5919       3       org.gradle.cache.internal.filelock.DefaultLockStateSerializer$SequenceNumberLockState::isDirty (27 bytes)
Event: 42.403 Thread 0x00000000190b9800 nmethod 5919 0x00000000047574d0 code [0x0000000004757620, 0x0000000004757810]
Event: 42.420 Thread 0x00000000190b9800 5920       3       java.math.BigInteger::makePositive (248 bytes)
Event: 42.421 Thread 0x00000000190b9800 nmethod 5920 0x00000000049522d0 code [0x00000000049524a0, 0x0000000004952d10]
Event: 42.421 Thread 0x00000000190b9800 5921       3       org.gradle.cache.internal.DefaultCacheAccess$UnitOfWorkFileAccess::readFile (14 bytes)
Event: 42.422 Thread 0x00000000190b9800 nmethod 5921 0x0000000004756f50 code [0x00000000047570e0, 0x0000000004757398]
Event: 42.422 Thread 0x00000000190b9800 5922       3       org.gradle.cache.internal.DefaultFileLockManager$DefaultFileLock::readFile (11 bytes)
Event: 42.422 Thread 0x00000000190b9800 nmethod 5922 0x0000000004756a10 code [0x0000000004756b80, 0x0000000004756dd8]
Event: 42.422 Thread 0x00000000190b9800 5923       3       org.gradle.cache.internal.DefaultFileLockManager$DefaultFileLock::assertOpenAndIntegral (41 bytes)

GC Heap History (10 events):
Event: 19.854 GC heap after
Heap after GC invocations=8 (full 1):
 PSYoungGen      total 69632K, used 5115K [0x00000000d5d80000, 0x00000000dc380000, 0x0000000100000000)
  eden space 58368K, 0% used [0x00000000d5d80000,0x00000000d5d80000,0x00000000d9680000)
  from space 11264K, 45% used [0x00000000d9680000,0x00000000d9b7ed58,0x00000000da180000)
  to   space 10752K, 0% used [0x00000000db900000,0x00000000db900000,0x00000000dc380000)
 ParOldGen       total 59392K, used 8881K [0x0000000081800000, 0x0000000085200000, 0x00000000d5d80000)
  object space 59392K, 14% used [0x0000000081800000,0x00000000820ac5f8,0x0000000085200000)
 Metaspace       used 26931K, capacity 27296K, committed 27776K, reserved 1073152K
  class space    used 3758K, capacity 3891K, committed 3968K, reserved 1048576K
}
Event: 22.020 GC heap before
{Heap before GC invocations=9 (full 1):
 PSYoungGen      total 69632K, used 63483K [0x00000000d5d80000, 0x00000000dc380000, 0x0000000100000000)
  eden space 58368K, 100% used [0x00000000d5d80000,0x00000000d9680000,0x00000000d9680000)
  from space 11264K, 45% used [0x00000000d9680000,0x00000000d9b7ed58,0x00000000da180000)
  to   space 10752K, 0% used [0x00000000db900000,0x00000000db900000,0x00000000dc380000)
 ParOldGen       total 59392K, used 8881K [0x0000000081800000, 0x0000000085200000, 0x00000000d5d80000)
  object space 59392K, 14% used [0x0000000081800000,0x00000000820ac5f8,0x0000000085200000)
 Metaspace       used 31159K, capacity 31642K, committed 32000K, reserved 1077248K
  class space    used 4314K, capacity 4512K, committed 4608K, reserved 1048576K
Event: 22.030 GC heap after
Heap after GC invocations=9 (full 1):
 PSYoungGen      total 93184K, used 8590K [0x00000000d5d80000, 0x00000000dc880000, 0x0000000100000000)
  eden space 82432K, 0% used [0x00000000d5d80000,0x00000000d5d80000,0x00000000dae00000)
  from space 10752K, 79% used [0x00000000db900000,0x00000000dc163b68,0x00000000dc380000)
  to   space 11264K, 0% used [0x00000000dae00000,0x00000000dae00000,0x00000000db900000)
 ParOldGen       total 59392K, used 8889K [0x0000000081800000, 0x0000000085200000, 0x00000000d5d80000)
  object space 59392K, 14% used [0x0000000081800000,0x00000000820ae5f8,0x0000000085200000)
 Metaspace       used 31159K, capacity 31642K, committed 32000K, reserved 1077248K
  class space    used 4314K, capacity 4512K, committed 4608K, reserved 1048576K
}
Event: 24.544 GC heap before
{Heap before GC invocations=10 (full 1):
 PSYoungGen      total 93184K, used 82793K [0x00000000d5d80000, 0x00000000dc880000, 0x0000000100000000)
  eden space 82432K, 90% used [0x00000000d5d80000,0x00000000da5f69e0,0x00000000dae00000)
  from space 10752K, 79% used [0x00000000db900000,0x00000000dc163b68,0x00000000dc380000)
  to   space 11264K, 0% used [0x00000000dae00000,0x00000000dae00000,0x00000000db900000)
 ParOldGen       total 59392K, used 8889K [0x0000000081800000, 0x0000000085200000, 0x00000000d5d80000)
  object space 59392K, 14% used [0x0000000081800000,0x00000000820ae5f8,0x0000000085200000)
 Metaspace       used 34549K, capacity 35188K, committed 35416K, reserved 1079296K
  class space    used 4766K, capacity 4963K, committed 4992K, reserved 1048576K
Event: 24.564 GC heap after
Heap after GC invocations=10 (full 1):
 PSYoungGen      total 93696K, used 11247K [0x00000000d5d80000, 0x00000000ddf80000, 0x0000000100000000)
  eden space 82432K, 0% used [0x00000000d5d80000,0x00000000d5d80000,0x00000000dae00000)
  from space 11264K, 99% used [0x00000000dae00000,0x00000000db8fbdf8,0x00000000db900000)
  to   space 13824K, 0% used [0x00000000dd200000,0x00000000dd200000,0x00000000ddf80000)
 ParOldGen       total 59392K, used 11718K [0x0000000081800000, 0x0000000085200000, 0x00000000d5d80000)
  object space 59392K, 19% used [0x0000000081800000,0x00000000823718e8,0x0000000085200000)
 Metaspace       used 34549K, capacity 35188K, committed 35416K, reserved 1079296K
  class space    used 4766K, capacity 4963K, committed 4992K, reserved 1048576K
}
Event: 24.564 GC heap before
{Heap before GC invocations=11 (full 2):
 PSYoungGen      total 93696K, used 11247K [0x00000000d5d80000, 0x00000000ddf80000, 0x0000000100000000)
  eden space 82432K, 0% used [0x00000000d5d80000,0x00000000d5d80000,0x00000000dae00000)
  from space 11264K, 99% used [0x00000000dae00000,0x00000000db8fbdf8,0x00000000db900000)
  to   space 13824K, 0% used [0x00000000dd200000,0x00000000dd200000,0x00000000ddf80000)
 ParOldGen       total 59392K, used 11718K [0x0000000081800000, 0x0000000085200000, 0x00000000d5d80000)
  object space 59392K, 19% used [0x0000000081800000,0x00000000823718e8,0x0000000085200000)
 Metaspace       used 34549K, capacity 35188K, committed 35416K, reserved 1079296K
  class space    used 4766K, capacity 4963K, committed 4992K, reserved 1048576K
Event: 24.669 GC heap after
Heap after GC invocations=11 (full 2):
 PSYoungGen      total 93696K, used 0K [0x00000000d5d80000, 0x00000000ddf80000, 0x0000000100000000)
  eden space 82432K, 0% used [0x00000000d5d80000,0x00000000d5d80000,0x00000000dae00000)
  from space 11264K, 0% used [0x00000000dae00000,0x00000000dae00000,0x00000000db900000)
  to   space 13824K, 0% used [0x00000000dd200000,0x00000000dd200000,0x00000000ddf80000)
 ParOldGen       total 94720K, used 21308K [0x0000000081800000, 0x0000000087480000, 0x00000000d5d80000)
  object space 94720K, 22% used [0x0000000081800000,0x0000000082ccf2f0,0x0000000087480000)
 Metaspace       used 34549K, capacity 35188K, committed 35416K, reserved 1079296K
  class space    used 4766K, capacity 4963K, committed 4992K, reserved 1048576K
}
Event: 36.466 GC heap before
{Heap before GC invocations=12 (full 2):
 PSYoungGen      total 93696K, used 82432K [0x00000000d5d80000, 0x00000000ddf80000, 0x0000000100000000)
  eden space 82432K, 100% used [0x00000000d5d80000,0x00000000dae00000,0x00000000dae00000)
  from space 11264K, 0% used [0x00000000dae00000,0x00000000dae00000,0x00000000db900000)
  to   space 13824K, 0% used [0x00000000dd200000,0x00000000dd200000,0x00000000ddf80000)
 ParOldGen       total 94720K, used 21308K [0x0000000081800000, 0x0000000087480000, 0x00000000d5d80000)
  object space 94720K, 22% used [0x0000000081800000,0x0000000082ccf2f0,0x0000000087480000)
 Metaspace       used 42070K, capacity 42736K, committed 42968K, reserved 1085440K
  class space    used 5853K, capacity 6065K, committed 6144K, reserved 1048576K
Event: 36.473 GC heap after
Heap after GC invocations=12 (full 2):
 PSYoungGen      total 115200K, used 6066K [0x00000000d5d80000, 0x00000000ddd00000, 0x0000000100000000)
  eden space 103936K, 0% used [0x00000000d5d80000,0x00000000d5d80000,0x00000000dc300000)
  from space 11264K, 53% used [0x00000000dd200000,0x00000000dd7ecb30,0x00000000ddd00000)
  to   space 13312K, 0% used [0x00000000dc300000,0x00000000dc300000,0x00000000dd000000)
 ParOldGen       total 94720K, used 21388K [0x0000000081800000, 0x0000000087480000, 0x00000000d5d80000)
  object space 94720K, 22% used [0x0000000081800000,0x0000000082ce3318,0x0000000087480000)
 Metaspace       used 42070K, capacity 42736K, committed 42968K, reserved 1085440K
  class space    used 5853K, capacity 6065K, committed 6144K, reserved 1048576K
}
Event: 42.422 GC heap before
{Heap before GC invocations=13 (full 2):
 PSYoungGen      total 115200K, used 110002K [0x00000000d5d80000, 0x00000000ddd00000, 0x0000000100000000)
  eden space 103936K, 100% used [0x00000000d5d80000,0x00000000dc300000,0x00000000dc300000)
  from space 11264K, 53% used [0x00000000dd200000,0x00000000dd7ecb30,0x00000000ddd00000)
  to   space 13312K, 0% used [0x00000000dc300000,0x00000000dc300000,0x00000000dd000000)
 ParOldGen       total 94720K, used 21388K [0x0000000081800000, 0x0000000087480000, 0x00000000d5d80000)
  object space 94720K, 22% used [0x0000000081800000,0x0000000082ce3318,0x0000000087480000)
 Metaspace       used 47743K, capacity 48988K, committed 49240K, reserved 1091584K
  class space    used 6694K, capacity 7027K, committed 7040K, reserved 1048576K

Deoptimization events (10 events):
Event: 38.935 Thread 0x00000000042fd800 Uncommon trap: reason=class_check action=maybe_recompile pc=0x0000000004c44b9c method=java.util.concurrent.ConcurrentHashMap.putVal(Ljava/lang/Object;Ljava/lang/Object;Z)Ljava/lang/Object; @ 192
Event: 38.939 Thread 0x00000000042fd800 Uncommon trap: reason=bimorphic action=maybe_recompile pc=0x0000000004940414 method=java.io.DataOutputStream.write([BII)V @ 7
Event: 38.939 Thread 0x00000000042fd800 Uncommon trap: reason=bimorphic action=maybe_recompile pc=0x0000000004940414 method=java.io.DataOutputStream.write([BII)V @ 7
Event: 38.991 Thread 0x00000000042fd800 Uncommon trap: reason=unstable_if action=reinterpret pc=0x0000000004cc718c method=java.lang.String.regionMatches(ZILjava/lang/String;II)Z @ 102
Event: 39.074 Thread 0x00000000042fd800 Uncommon trap: reason=unstable_if action=reinterpret pc=0x0000000004e892dc method=com.esotericsoftware.kryo.io.Output.writeUtf8Length(I)V @ 4
Event: 39.187 Thread 0x00000000042fd800 Uncommon trap: reason=unstable_if action=reinterpret pc=0x00000000052db710 method=java.lang.Class.arrayContentsEq([Ljava/lang/Object;[Ljava/lang/Object;)Z @ 1
Event: 39.189 Thread 0x00000000042fd800 Uncommon trap: reason=unstable_if action=reinterpret pc=0x0000000004c44c04 method=java.util.concurrent.ConcurrentHashMap.putVal(Ljava/lang/Object;Ljava/lang/Object;Z)Ljava/lang/Object; @ 206
Event: 41.947 Thread 0x00000000042fd800 Uncommon trap: reason=unstable_if action=reinterpret pc=0x00000000049b2d7c method=java.lang.Class.arrayContentsEq([Ljava/lang/Object;[Ljava/lang/Object;)Z @ 1
Event: 42.278 Thread 0x00000000042fd800 Uncommon trap: reason=class_check action=maybe_recompile pc=0x00000000058a0a74 method=java.io.BufferedInputStream.read1([BII)I @ 39
Event: 42.325 Thread 0x00000000042fd800 Uncommon trap: reason=unstable_if action=reinterpret pc=0x00000000054e7d24 method=com.esotericsoftware.kryo.io.Input.readUtf8(I)V @ 79

Classes redefined (0 events):
No events

Internal exceptions (10 events):
Event: 37.962 Thread 0x00000000042fd800 Exception <a 'java/lang/ClassNotFoundException': org/apache/tools/ant/taskdefs/condition/OsBeanInfo> (0x00000000da57cce8) thrown at [C:\re\workspace\8-2-build-windows-amd64-cygwin\jdk8u171\10807\hotspot\src\share\vm\classfile\systemDictionary.cpp, line 21
Event: 37.962 Thread 0x00000000042fd800 Exception <a 'java/lang/ClassNotFoundException': org/apache/tools/ant/taskdefs/condition/OsCustomizer> (0x00000000da586e70) thrown at [C:\re\workspace\8-2-build-windows-amd64-cygwin\jdk8u171\10807\hotspot\src\share\vm\classfile\systemDictionary.cpp, line 
Event: 38.012 Thread 0x00000000042fd800 Exception <a 'java/lang/ClassNotFoundException': org/gradle/platform/base/BinaryContainer_ImplBeanInfo> (0x00000000da8e7290) thrown at [C:\re\workspace\8-2-build-windows-amd64-cygwin\jdk8u171\10807\hotspot\src\share\vm\classfile\systemDictionary.cpp, line
Event: 38.013 Thread 0x00000000042fd800 Exception <a 'java/lang/ClassNotFoundException': org/gradle/model/internal/core/NodeBackedModelMapBeanInfo> (0x00000000da8f6ca8) thrown at [C:\re\workspace\8-2-build-windows-amd64-cygwin\jdk8u171\10807\hotspot\src\share\vm\classfile\systemDictionary.cpp, 
Event: 38.013 Thread 0x00000000042fd800 Exception <a 'java/lang/ClassNotFoundException': org/gradle/model/internal/core/ModelMapGroovyViewBeanInfo> (0x00000000da9066c0) thrown at [C:\re\workspace\8-2-build-windows-amd64-cygwin\jdk8u171\10807\hotspot\src\share\vm\classfile\systemDictionary.cpp, 
Event: 38.013 Thread 0x00000000042fd800 Exception <a 'java/lang/ClassNotFoundException': org/gradle/model/internal/core/ModelMapGroovyViewCustomizer> (0x00000000da916a70) thrown at [C:\re\workspace\8-2-build-windows-amd64-cygwin\jdk8u171\10807\hotspot\src\share\vm\classfile\systemDictionary.cpp
Event: 38.014 Thread 0x00000000042fd800 Exception <a 'java/lang/ClassNotFoundException': org/gradle/model/internal/core/NodeBackedModelMapCustomizer> (0x00000000da93a2d0) thrown at [C:\re\workspace\8-2-build-windows-amd64-cygwin\jdk8u171\10807\hotspot\src\share\vm\classfile\systemDictionary.cpp
Event: 38.015 Thread 0x00000000042fd800 Exception <a 'java/lang/ClassNotFoundException': org/gradle/platform/base/BinaryContainer_ImplCustomizer> (0x00000000da996a38) thrown at [C:\re\workspace\8-2-build-windows-amd64-cygwin\jdk8u171\10807\hotspot\src\share\vm\classfile\systemDictionary.cpp, li
Event: 39.187 Thread 0x00000000042fd800 Implicit null exception at 0x00000000052db68c to 0x00000000052db6fd
Event: 41.947 Thread 0x00000000042fd800 Implicit null exception at 0x00000000049b2ae3 to 0x00000000049b2d51

Events (10 events):
Event: 42.277 loading class org/gradle/api/internal/changedetection/state/CacheBackedTaskHistoryRepository$LazyTaskExecution$3 done
Event: 42.278 Thread 0x00000000042fd800 Uncommon trap: trap_request=0xffffffde fr.pc=0x00000000058a0a74
Event: 42.278 Executing VM operation: RevokeBias
Event: 42.278 Executing VM operation: RevokeBias done
Event: 42.278 Thread 0x00000000042fd800 DEOPT PACKING pc=0x00000000058a0a74 sp=0x000000000445bed0
Event: 42.278 Thread 0x00000000042fd800 DEOPT UNPACKING pc=0x00000000045a583b sp=0x000000000445be38 mode 2
Event: 42.325 Thread 0x00000000042fd800 Uncommon trap: trap_request=0xffffff65 fr.pc=0x00000000054e7d24
Event: 42.325 Thread 0x00000000042fd800 DEOPT PACKING pc=0x00000000054e7d24 sp=0x000000000445bf70
Event: 42.325 Thread 0x00000000042fd800 DEOPT UNPACKING pc=0x00000000045a583b sp=0x000000000445bf10 mode 2
Event: 42.422 Executing VM operation: ParallelGCFailedAllocation


Dynamic libraries:
0x00007ff6b6a00000 - 0x00007ff6b6a37000 	C:\Program Files (x86)\Common Files\Oracle\Java\javapath\java.exe
0x00007ffd81430000 - 0x00007ffd81610000 	C:\WINDOWS\SYSTEM32\ntdll.dll
0x00007ffd80390000 - 0x00007ffd8043e000 	C:\WINDOWS\System32\KERNEL32.DLL
0x00007ffd7de90000 - 0x00007ffd7e0f6000 	C:\WINDOWS\System32\KERNELBASE.dll
0x00007ffd80280000 - 0x00007ffd80321000 	C:\WINDOWS\System32\ADVAPI32.dll
0x00007ffd801e0000 - 0x00007ffd8027d000 	C:\WINDOWS\System32\msvcrt.dll
0x00007ffd80790000 - 0x00007ffd807eb000 	C:\WINDOWS\System32\sechost.dll
0x00007ffd80640000 - 0x00007ffd8075f000 	C:\WINDOWS\System32\RPCRT4.dll
0x00007ffd80ba0000 - 0x00007ffd80d2f000 	C:\WINDOWS\System32\USER32.dll
0x00007ffd7ddc0000 - 0x00007ffd7dde0000 	C:\WINDOWS\System32\win32u.dll
0x00007ffd80760000 - 0x00007ffd80788000 	C:\WINDOWS\System32\GDI32.dll
0x00007ffd7d930000 - 0x00007ffd7dac3000 	C:\WINDOWS\System32\gdi32full.dll
0x00007ffd7dd20000 - 0x00007ffd7ddbb000 	C:\WINDOWS\System32\msvcp_win.dll
0x00007ffd7d830000 - 0x00007ffd7d926000 	C:\WINDOWS\System32\ucrtbase.dll
0x00007ffd66800000 - 0x00007ffd66a69000 	C:\WINDOWS\WinSxS\amd64_microsoft.windows.common-controls_6595b64144ccf1df_6.0.16299.431_none_15c7d3ee93659e73\COMCTL32.dll
0x00007ffd7ea80000 - 0x00007ffd7ed88000 	C:\WINDOWS\System32\combase.dll
0x00007ffd7dad0000 - 0x00007ffd7db42000 	C:\WINDOWS\System32\bcryptPrimitives.dll
0x00007ffd807f0000 - 0x00007ffd8081d000 	C:\WINDOWS\System32\IMM32.DLL
0x0000000069310000 - 0x00000000693e2000 	C:\Program Files\Java\jre1.8.0_171\bin\msvcr100.dll
0x0000000068a70000 - 0x0000000069310000 	C:\Program Files\Java\jre1.8.0_171\bin\server\jvm.dll
0x00007ffd80d30000 - 0x00007ffd80d38000 	C:\WINDOWS\System32\PSAPI.DLL
0x00007ffd79a80000 - 0x00007ffd79a89000 	C:\WINDOWS\SYSTEM32\WSOCK32.dll
0x00007ffd70cd0000 - 0x00007ffd70cf3000 	C:\WINDOWS\SYSTEM32\WINMM.dll
0x00007ffd80a10000 - 0x00007ffd80a7c000 	C:\WINDOWS\System32\WS2_32.dll
0x00007ffd75660000 - 0x00007ffd7566a000 	C:\WINDOWS\SYSTEM32\VERSION.dll
0x00007ffd70ca0000 - 0x00007ffd70cca000 	C:\WINDOWS\SYSTEM32\winmmbase.dll
0x00007ffd7e100000 - 0x00007ffd7e14a000 	C:\WINDOWS\System32\cfgmgr32.dll
0x0000000068a60000 - 0x0000000068a6f000 	C:\Program Files\Java\jre1.8.0_171\bin\verify.dll
0x0000000068a30000 - 0x0000000068a59000 	C:\Program Files\Java\jre1.8.0_171\bin\java.dll
0x0000000068a10000 - 0x0000000068a26000 	C:\Program Files\Java\jre1.8.0_171\bin\zip.dll
0x00007ffd7ed90000 - 0x00007ffd801c8000 	C:\WINDOWS\System32\SHELL32.dll
0x00007ffd80440000 - 0x00007ffd804e6000 	C:\WINDOWS\System32\shcore.dll
0x00007ffd7e150000 - 0x00007ffd7e897000 	C:\WINDOWS\System32\windows.storage.dll
0x00007ffd80820000 - 0x00007ffd80871000 	C:\WINDOWS\System32\shlwapi.dll
0x00007ffd7d7f0000 - 0x00007ffd7d801000 	C:\WINDOWS\System32\kernel.appcore.dll
0x00007ffd7d780000 - 0x00007ffd7d7cc000 	C:\WINDOWS\System32\powrprof.dll
0x00007ffd7d7d0000 - 0x00007ffd7d7eb000 	C:\WINDOWS\System32\profapi.dll
0x00000000689f0000 - 0x0000000068a0a000 	C:\Program Files\Java\jre1.8.0_171\bin\net.dll
0x00007ffd7cfb0000 - 0x00007ffd7d016000 	C:\WINDOWS\system32\mswsock.dll
0x00000000689d0000 - 0x00000000689e1000 	C:\Program Files\Java\jre1.8.0_171\bin\nio.dll
0x00007ffd74140000 - 0x00007ffd74152000 	C:\Users\MTWLABS\.gradle\native\19\windows-amd64\native-platform.dll
0x0000000180000000 - 0x0000000180037000 	C:\Users\MTWLABS\.gradle\native\jna\win32-amd64\jnidispatch.dll
0x00007ffd7d170000 - 0x00007ffd7d187000 	C:\WINDOWS\SYSTEM32\CRYPTSP.dll
0x00007ffd7cbb0000 - 0x00007ffd7cbe3000 	C:\WINDOWS\system32\rsaenh.dll
0x00007ffd7d280000 - 0x00007ffd7d2a5000 	C:\WINDOWS\SYSTEM32\bcrypt.dll
0x00007ffd7d6b0000 - 0x00007ffd7d6d9000 	C:\WINDOWS\SYSTEM32\USERENV.dll
0x00007ffd7d190000 - 0x00007ffd7d19b000 	C:\WINDOWS\SYSTEM32\CRYPTBASE.dll
0x00007ffd7cd40000 - 0x00007ffd7cd79000 	C:\WINDOWS\SYSTEM32\IPHLPAPI.DLL
0x00007ffd80a80000 - 0x00007ffd80a88000 	C:\WINDOWS\System32\NSI.dll
0x00007ffd791d0000 - 0x00007ffd791e6000 	C:\WINDOWS\SYSTEM32\dhcpcsvc6.DLL
0x00007ffd791b0000 - 0x00007ffd791ca000 	C:\WINDOWS\SYSTEM32\dhcpcsvc.DLL
0x00000000689c0000 - 0x00000000689cd000 	C:\Program Files\Java\jre1.8.0_171\bin\management.dll
0x00007ffd78bb0000 - 0x00007ffd78d78000 	C:\WINDOWS\SYSTEM32\dbghelp.dll

VM Arguments:
jvm_args: -Dorg.gradle.appname=gradlew 
java_command: org.gradle.wrapper.GradleWrapperMain installDebug
java_class_path (initial): E:\reactnative\failed\android\\gradle\wrapper\gradle-wrapper.jar
Launcher Type: SUN_STANDARD

Environment Variables:
CLASSPATH=E:\reactnative\failed\android\\gradle\wrapper\gradle-wrapper.jar
PATH=C:\Program Files (x86)\Common Files\Oracle\Java\javapath;C:\WINDOWS\system32;C:\WINDOWS;C:\WINDOWS\System32\Wbem;C:\WINDOWS\System32\WindowsPowerShell\v1.0\;C:\Program Files\nodejs\;C:\Users\MTWLABS\AppData\Local\Microsoft\WindowsApps;C:\Users\MTWLABS\AppData\Roaming\npm;C:\Program Files\Microsoft VS Code\bin;C:\Program Files\Java\jdk1.8.0_171\bin
USERNAME=MTWLABS
OS=Windows_NT
PROCESSOR_IDENTIFIER=Intel64 Family 6 Model 60 Stepping 3, GenuineIntel



---------------  S Y S T E M  ---------------

OS: Windows 10.0 , 64 bit Build 16299 (10.0.16299.431)

CPU:total 4 (initial active 4) (4 cores per cpu, 1 threads per core) family 6 model 60 stepping 3, cmov, cx8, fxsr, mmx, sse, sse2, sse3, ssse3, sse4.1, sse4.2, popcnt, avx, avx2, aes, clmul, erms, lzcnt, tsc, tscinvbit, bmi1, bmi2

Memory: 4k page, physical 8285808k(2229868k free), swap 10251888k(3213192k free)

vm_info: Java HotSpot(TM) 64-Bit Server VM (25.171-b11) for windows-amd64 JRE (1.8.0_171-b11), built on Mar 28 2018 16:06:12 by "java_re" with MS VC++ 10.0 (VS2010)

time: Thu May 24 23:06:52 2018
elapsed time: 43 seconds (0d 0h 0m 43s)

