#
# A fatal error has been detected by the Java Runtime Environment:
#
#  EXCEPTION_ACCESS_VIOLATION (0xc0000005) at pc=0x0000000050627478, pid=5868, tid=0x000000000000197c
#
# JRE version: Java(TM) SE Runtime Environment (8.0_171-b11) (build 1.8.0_171-b11)
# Java VM: Java HotSpot(TM) 64-Bit Server VM (25.171-b11 mixed mode windows-amd64 compressed oops)
# Problematic frame:
# V  [jvm.dll+0x4e7478]
#
# Failed to write core dump. Minidumps are not enabled by default on client versions of Windows
#
# If you would like to submit a bug report, please visit:
#   http://bugreport.java.com/bugreport/crash.jsp
#

---------------  T H R E A D  ---------------

Current thread (0x0000000019dd2800):  JavaThread "C2 CompilerThread1" daemon [_thread_in_native, id=6524, stack(0x000000001b630000,0x000000001b730000)]

siginfo: ExceptionCode=0xc0000005, reading address 0xffffffffffffffff

Registers:
RAX=0x00000000507895c8, RBX=0x00000000000000d0, RCX=0x000000001cdc1688, RDX=0x000000001cdc18f8
RSP=0x000000001b72bee0, RBP=0x000000001b72bf29, RSI=0x000000001b72cc08, RDI=0x0000000000000000
R8 =0x000000001cdc1708, R9 =0x000000000000000f, R10=0x0000000000000000, R11=0x0000000000001a6f
R12=0x000000001cdc1688, R13=0x000000001b72c250, R14=0x000000001cdc18f8, R15=0x0000000000000000
RIP=0x0000000050627478, EFLAGS=0x0000000000010206

Top of Stack: (sp=0x000000001b72bee0)
0x000000001b72bee0:   00000000000000d0 000000001b72bf29
0x000000001b72bef0:   000000001b72cc08 0000000000000000
0x000000001b72bf00:   000000001ee26830 000000001ee80e40
0x000000001b72bf10:   000000001ee250a0 0000000019d96a20
0x000000001b72bf20:   00000000507bac08 0000000019d96a20
0x000000001b72bf30:   0000000000000400 000000001f70fa30
0x000000001b72bf40:   0000000022790940 0000000000000000
0x000000001b72bf50:   0000000000000004 0000000000000000
0x000000001b72bf60:   0000000000000010 000000001b72c250
0x000000001b72bf70:   0000000000000001 0000000000000028
0x000000001b72bf80:   000000001b72bfe0 0000000050629e68
0x000000001b72bf90:   000000001b72c250 0000000023bd0e00
0x000000001b72bfa0:   000000001b72bfe0 000000001b72cc08
0x000000001b72bfb0:   0000000000100000 0000000000000000
0x000000001b72bfc0:   0000000000000000 0000000000000000
0x000000001b72bfd0:   0000000000000000 000000005062434c 

Instructions: (pc=0x0000000050627478)
0x0000000050627458:   00 00 66 0f 1f 44 00 00 49 8b 46 08 4e 8b 24 f8
0x0000000050627468:   4d 85 e4 0f 84 a4 06 00 00 49 8b 04 24 49 8b cc
0x0000000050627478:   ff 10 49 8b 8d 40 0a 00 00 8b d8 80 3c 0b 00 0f
0x0000000050627488:   84 92 02 00 00 48 8b 45 d7 48 83 c0 10 48 89 45 


Register to memory mapping:

RAX=0x00000000507895c8 is an unknown value
RBX=0x00000000000000d0 is an unknown value
RCX=0x000000001cdc1688 is an unknown value
RDX=0x000000001cdc18f8 is an unknown value
RSP=0x000000001b72bee0 is pointing into the stack for thread: 0x0000000019dd2800
RBP=0x000000001b72bf29 is pointing into the stack for thread: 0x0000000019dd2800
RSI=0x000000001b72cc08 is pointing into the stack for thread: 0x0000000019dd2800
RDI=0x0000000000000000 is an unknown value
R8 =0x000000001cdc1708 is an unknown value
R9 =0x000000000000000f is an unknown value
R10=0x0000000000000000 is an unknown value
R11=0x0000000000001a6f is an unknown value
R12=0x000000001cdc1688 is an unknown value
R13=0x000000001b72c250 is pointing into the stack for thread: 0x0000000019dd2800
R14=0x000000001cdc18f8 is an unknown value
R15=0x0000000000000000 is an unknown value


Stack: [0x000000001b630000,0x000000001b730000],  sp=0x000000001b72bee0,  free space=1007k
Native frames: (J=compiled Java code, j=interpreted, Vv=VM code, C=native code)
V  [jvm.dll+0x4e7478]
V  [jvm.dll+0x4e9e68]
V  [jvm.dll+0x475671]
V  [jvm.dll+0x478167]
V  [jvm.dll+0x45a902]
V  [jvm.dll+0xa6102]
V  [jvm.dll+0xa6a4f]
V  [jvm.dll+0x245adf]
V  [jvm.dll+0x29d40a]
C  [msvcr100.dll+0x21d9f]
C  [msvcr100.dll+0x21e3b]
C  [KERNEL32.DLL+0x11fe4]
C  [ntdll.dll+0x6ef91]


Current CompileTask:
C2:  22017 5476       4       org.gradle.model.internal.type.ModelType::wrap (219 bytes)


---------------  P R O C E S S  ---------------

Java Threads: ( => current thread )
  0x00000000206e4800 JavaThread "File lock request listener" [_thread_in_native, id=1548, stack(0x0000000021410000,0x0000000021510000)]
  0x000000001d75e800 JavaThread "pool-1-thread-1" [_thread_blocked, id=7508, stack(0x000000001ef10000,0x000000001f010000)]
  0x000000001b852000 JavaThread "Service Thread" daemon [_thread_blocked, id=6068, stack(0x000000001bc30000,0x000000001bd30000)]
  0x0000000019de2800 JavaThread "C1 CompilerThread2" daemon [_thread_blocked, id=5940, stack(0x000000001b730000,0x000000001b830000)]
=>0x0000000019dd2800 JavaThread "C2 CompilerThread1" daemon [_thread_in_native, id=6524, stack(0x000000001b630000,0x000000001b730000)]
  0x0000000019dce800 JavaThread "C2 CompilerThread0" daemon [_thread_in_native, id=7132, stack(0x000000001b530000,0x000000001b630000)]
  0x0000000019dca800 JavaThread "Attach Listener" daemon [_thread_blocked, id=2196, stack(0x000000001b430000,0x000000001b530000)]
  0x0000000019dc9000 JavaThread "Signal Dispatcher" daemon [_thread_blocked, id=8260, stack(0x000000001b330000,0x000000001b430000)]
  0x0000000005275800 JavaThread "Finalizer" daemon [_thread_blocked, id=6764, stack(0x000000001b040000,0x000000001b140000)]
  0x0000000005270000 JavaThread "Reference Handler" daemon [_thread_blocked, id=1872, stack(0x000000001af40000,0x000000001b040000)]
  0x000000000517d800 JavaThread "main" [_thread_in_vm, id=6200, stack(0x0000000005060000,0x0000000005160000)]

Other Threads:
  0x0000000019d97800 VMThread [stack: 0x000000001ae40000,0x000000001af40000] [id=6780]
  0x000000001b853000 WatcherThread [stack: 0x000000001bd30000,0x000000001be30000] [id=848]

VM state:not at safepoint (normal execution)

VM Mutex/Monitor currently owned by a thread: None

Heap:
 PSYoungGen      total 231936K, used 172111K [0x00000000d5d80000, 0x00000000e5b80000, 0x0000000100000000)
  eden space 218624K, 78% used [0x00000000d5d80000,0x00000000e0593d10,0x00000000e3300000)
  from space 13312K, 0% used [0x00000000e4180000,0x00000000e4180000,0x00000000e4e80000)
  to   space 14848K, 0% used [0x00000000e3300000,0x00000000e3300000,0x00000000e4180000)
 ParOldGen       total 71680K, used 19268K [0x0000000081800000, 0x0000000085e00000, 0x00000000d5d80000)
  object space 71680K, 26% used [0x0000000081800000,0x0000000082ad1268,0x0000000085e00000)
 Metaspace       used 45796K, capacity 46960K, committed 47192K, reserved 1089536K
  class space    used 6422K, capacity 6753K, committed 6784K, reserved 1048576K

Card table byte_map: [0x0000000014640000,0x0000000014a40000] byte_map_base: 0x0000000014234000

Marking Bits: (ParMarkBitMap*) 0x00000000509608c0
 Begin Bits: [0x00000000150f0000, 0x0000000017090000)
 End Bits:   [0x0000000017090000, 0x0000000019030000)

Polling page: 0x00000000033e0000

CodeCache: size=245760Kb used=19484Kb max_used=19484Kb free=226275Kb
 bounds [0x0000000005280000, 0x00000000065a0000, 0x0000000014280000]
 total_blobs=5841 nmethods=5140 adapters=612
 compilation: enabled

Compilation events (10 events):
Event: 21.830 Thread 0x0000000019de2800 5553       1       com.android.builder.dependency.AbstractBundleDependency::getFolder (5 bytes)
Event: 21.830 Thread 0x0000000019de2800 nmethod 5553 0x000000000658f910 code [0x000000000658fa60, 0x000000000658fb70]
Event: 21.833 Thread 0x0000000019de2800 5554       3       sun.invoke.util.VerifyAccess::getClassModifiers (24 bytes)
Event: 21.834 Thread 0x0000000019de2800 nmethod 5554 0x000000000658fbd0 code [0x000000000658fd60, 0x0000000006590158]
Event: 21.835 Thread 0x0000000019de2800 5556       3       org.gradle.api.internal.project.AbstractProject::compareTo (9 bytes)
Event: 21.836 Thread 0x0000000019de2800 nmethod 5556 0x0000000006590250 code [0x0000000006590460, 0x0000000006591198]
Event: 21.836 Thread 0x0000000019de2800 5557       3       org.gradle.api.internal.project.AbstractProject::compareTo (26 bytes)
Event: 21.836 Thread 0x0000000019de2800 nmethod 5557 0x00000000065917d0 code [0x00000000065919c0, 0x00000000065924f8]
Event: 21.836 Thread 0x0000000019de2800 5558       3       org.gradle.api.internal.project.AbstractProject::depthCompare (24 bytes)
Event: 21.837 Thread 0x0000000019de2800 nmethod 5558 0x0000000006592a10 code [0x0000000006592be0, 0x0000000006593470]

GC Heap History (10 events):
Event: 6.575 GC heap before
{Heap before GC invocations=6 (full 1):
 PSYoungGen      total 71680K, used 5092K [0x00000000d5d80000, 0x00000000df480000, 0x0000000100000000)
  eden space 66560K, 0% used [0x00000000d5d80000,0x00000000d5d80000,0x00000000d9e80000)
  from space 5120K, 99% used [0x00000000d9e80000,0x00000000da379050,0x00000000da380000)
  to   space 10752K, 0% used [0x00000000dea00000,0x00000000dea00000,0x00000000df480000)
 ParOldGen       total 87552K, used 8809K [0x0000000081800000, 0x0000000086d80000, 0x00000000d5d80000)
  object space 87552K, 10% used [0x0000000081800000,0x000000008209a608,0x0000000086d80000)
 Metaspace       used 20809K, capacity 21064K, committed 21248K, reserved 1067008K
  class space    used 2887K, capacity 2966K, committed 3072K, reserved 1048576K
Event: 6.683 GC heap after
Heap after GC invocations=6 (full 1):
 PSYoungGen      total 71680K, used 0K [0x00000000d5d80000, 0x00000000df480000, 0x0000000100000000)
  eden space 66560K, 0% used [0x00000000d5d80000,0x00000000d5d80000,0x00000000d9e80000)
  from space 5120K, 0% used [0x00000000d9e80000,0x00000000d9e80000,0x00000000da380000)
  to   space 10752K, 0% used [0x00000000dea00000,0x00000000dea00000,0x00000000df480000)
 ParOldGen       total 53760K, used 10081K [0x0000000081800000, 0x0000000084c80000, 0x00000000d5d80000)
  object space 53760K, 18% used [0x0000000081800000,0x00000000821d8498,0x0000000084c80000)
 Metaspace       used 20809K, capacity 21064K, committed 21248K, reserved 1067008K
  class space    used 2887K, capacity 2966K, committed 3072K, reserved 1048576K
}
Event: 8.597 GC heap before
{Heap before GC invocations=7 (full 1):
 PSYoungGen      total 71680K, used 66560K [0x00000000d5d80000, 0x00000000df480000, 0x0000000100000000)
  eden space 66560K, 100% used [0x00000000d5d80000,0x00000000d9e80000,0x00000000d9e80000)
  from space 5120K, 0% used [0x00000000d9e80000,0x00000000d9e80000,0x00000000da380000)
  to   space 10752K, 0% used [0x00000000dea00000,0x00000000dea00000,0x00000000df480000)
 ParOldGen       total 53760K, used 10081K [0x0000000081800000, 0x0000000084c80000, 0x00000000d5d80000)
  object space 53760K, 18% used [0x0000000081800000,0x00000000821d8498,0x0000000084c80000)
 Metaspace       used 26543K, capacity 26976K, committed 27264K, reserved 1073152K
  class space    used 3723K, capacity 3891K, committed 3968K, reserved 1048576K
Event: 8.605 GC heap after
Heap after GC invocations=7 (full 1):
 PSYoungGen      total 129024K, used 6442K [0x00000000d5d80000, 0x00000000df080000, 0x0000000100000000)
  eden space 122368K, 0% used [0x00000000d5d80000,0x00000000d5d80000,0x00000000dd500000)
  from space 6656K, 96% used [0x00000000dea00000,0x00000000df04a920,0x00000000df080000)
  to   space 10240K, 0% used [0x00000000ddc80000,0x00000000ddc80000,0x00000000de680000)
 ParOldGen       total 53760K, used 10089K [0x0000000081800000, 0x0000000084c80000, 0x00000000d5d80000)
  object space 53760K, 18% used [0x0000000081800000,0x00000000821da498,0x0000000084c80000)
 Metaspace       used 26543K, capacity 26976K, committed 27264K, reserved 1073152K
  class space    used 3723K, capacity 3891K, committed 3968K, reserved 1048576K
}
Event: 15.667 GC heap before
{Heap before GC invocations=8 (full 1):
 PSYoungGen      total 129024K, used 128810K [0x00000000d5d80000, 0x00000000df080000, 0x0000000100000000)
  eden space 122368K, 100% used [0x00000000d5d80000,0x00000000dd500000,0x00000000dd500000)
  from space 6656K, 96% used [0x00000000dea00000,0x00000000df04a920,0x00000000df080000)
  to   space 10240K, 0% used [0x00000000ddc80000,0x00000000ddc80000,0x00000000de680000)
 ParOldGen       total 53760K, used 10089K [0x0000000081800000, 0x0000000084c80000, 0x00000000d5d80000)
  object space 53760K, 18% used [0x0000000081800000,0x00000000821da498,0x0000000084c80000)
 Metaspace       used 34037K, capacity 34542K, committed 35072K, reserved 1079296K
  class space    used 4667K, capacity 4812K, committed 4864K, reserved 1048576K
Event: 15.684 GC heap after
Heap after GC invocations=8 (full 1):
 PSYoungGen      total 140288K, used 10216K [0x00000000d5d80000, 0x00000000e4e80000, 0x0000000100000000)
  eden space 130048K, 0% used [0x00000000d5d80000,0x00000000d5d80000,0x00000000ddc80000)
  from space 10240K, 99% used [0x00000000ddc80000,0x00000000de67a120,0x00000000de680000)
  to   space 13312K, 0% used [0x00000000e4180000,0x00000000e4180000,0x00000000e4e80000)
 ParOldGen       total 53760K, used 13890K [0x0000000081800000, 0x0000000084c80000, 0x00000000d5d80000)
  object space 53760K, 25% used [0x0000000081800000,0x0000000082590b18,0x0000000084c80000)
 Metaspace       used 34037K, capacity 34542K, committed 35072K, reserved 1079296K
  class space    used 4667K, capacity 4812K, committed 4864K, reserved 1048576K
}
Event: 16.400 GC heap before
{Heap before GC invocations=9 (full 1):
 PSYoungGen      total 140288K, used 36170K [0x00000000d5d80000, 0x00000000e4e80000, 0x0000000100000000)
  eden space 130048K, 19% used [0x00000000d5d80000,0x00000000d76d8ad0,0x00000000ddc80000)
  from space 10240K, 99% used [0x00000000ddc80000,0x00000000de67a120,0x00000000de680000)
  to   space 13312K, 0% used [0x00000000e4180000,0x00000000e4180000,0x00000000e4e80000)
 ParOldGen       total 53760K, used 13890K [0x0000000081800000, 0x0000000084c80000, 0x00000000d5d80000)
  object space 53760K, 25% used [0x0000000081800000,0x0000000082590b18,0x0000000084c80000)
 Metaspace       used 34584K, capacity 35156K, committed 35416K, reserved 1079296K
  class space    used 4758K, capacity 4931K, committed 4992K, reserved 1048576K
Event: 16.420 GC heap after
Heap after GC invocations=9 (full 1):
 PSYoungGen      total 231936K, used 12040K [0x00000000d5d80000, 0x00000000e5b80000, 0x0000000100000000)
  eden space 218624K, 0% used [0x00000000d5d80000,0x00000000d5d80000,0x00000000e3300000)
  from space 13312K, 90% used [0x00000000e4180000,0x00000000e4d421d8,0x00000000e4e80000)
  to   space 14848K, 0% used [0x00000000e3300000,0x00000000e3300000,0x00000000e4180000)
 ParOldGen       total 53760K, used 13898K [0x0000000081800000, 0x0000000084c80000, 0x00000000d5d80000)
  object space 53760K, 25% used [0x0000000081800000,0x0000000082592b18,0x0000000084c80000)
 Metaspace       used 34584K, capacity 35156K, committed 35416K, reserved 1079296K
  class space    used 4758K, capacity 4931K, committed 4992K, reserved 1048576K
}
Event: 16.420 GC heap before
{Heap before GC invocations=10 (full 2):
 PSYoungGen      total 231936K, used 12040K [0x00000000d5d80000, 0x00000000e5b80000, 0x0000000100000000)
  eden space 218624K, 0% used [0x00000000d5d80000,0x00000000d5d80000,0x00000000e3300000)
  from space 13312K, 90% used [0x00000000e4180000,0x00000000e4d421d8,0x00000000e4e80000)
  to   space 14848K, 0% used [0x00000000e3300000,0x00000000e3300000,0x00000000e4180000)
 ParOldGen       total 53760K, used 13898K [0x0000000081800000, 0x0000000084c80000, 0x00000000d5d80000)
  object space 53760K, 25% used [0x0000000081800000,0x0000000082592b18,0x0000000084c80000)
 Metaspace       used 34584K, capacity 35156K, committed 35416K, reserved 1079296K
  class space    used 4758K, capacity 4931K, committed 4992K, reserved 1048576K
Event: 16.559 GC heap after
Heap after GC invocations=10 (full 2):
 PSYoungGen      total 231936K, used 0K [0x00000000d5d80000, 0x00000000e5b80000, 0x0000000100000000)
  eden space 218624K, 0% used [0x00000000d5d80000,0x00000000d5d80000,0x00000000e3300000)
  from space 13312K, 0% used [0x00000000e4180000,0x00000000e4180000,0x00000000e4e80000)
  to   space 14848K, 0% used [0x00000000e3300000,0x00000000e3300000,0x00000000e4180000)
 ParOldGen       total 71680K, used 19268K [0x0000000081800000, 0x0000000085e00000, 0x00000000d5d80000)
  object space 71680K, 26% used [0x0000000081800000,0x0000000082ad1268,0x0000000085e00000)
 Metaspace       used 34584K, capacity 35156K, committed 35416K, reserved 1079296K
  class space    used 4758K, capacity 4931K, committed 4992K, reserved 1048576K
}

Deoptimization events (10 events):
Event: 21.242 Thread 0x000000000517d800 Uncommon trap: reason=unstable_if action=reinterpret pc=0x0000000005428394 method=java.lang.String.replace(CC)Ljava/lang/String; @ 2
Event: 21.245 Thread 0x000000000517d800 Uncommon trap: reason=unstable_if action=reinterpret pc=0x00000000056b97f8 method=groovy.lang.MetaClassImpl.checkIfStdMethod(Lgroovy/lang/MetaMethod;)V @ 79
Event: 21.245 Thread 0x000000000517d800 Uncommon trap: reason=unstable_if action=reinterpret pc=0x0000000005eee8f0 method=groovy.lang.MetaClassImpl.checkIfStdMethod(Lgroovy/lang/MetaMethod;)V @ 79
Event: 21.245 Thread 0x000000000517d800 Uncommon trap: reason=bimorphic action=maybe_recompile pc=0x000000000544a620 method=org.codehaus.groovy.runtime.metaclass.MetaMethodIndex.addMethodToList(Ljava/lang/Object;Lgroovy/lang/MetaMethod;)Ljava/lang/Object; @ 91
Event: 21.245 Thread 0x000000000517d800 Uncommon trap: reason=unstable_if action=reinterpret pc=0x0000000005698bc4 method=org.codehaus.groovy.runtime.metaclass.MetaMethodIndex.copyNonPrivateNonNewMetaMethods(Lorg/codehaus/groovy/runtime/metaclass/MetaMethodIndex$Entry;Lorg/codehaus/groovy/runti
Event: 21.391 Thread 0x000000000517d800 Uncommon trap: reason=unstable_if action=reinterpret pc=0x00000000061c44e4 method=java.lang.ClassLoader.checkCerts(Ljava/lang/String;Ljava/security/CodeSource;)V @ 29
Event: 21.615 Thread 0x000000000517d800 Uncommon trap: reason=class_check action=maybe_recompile pc=0x0000000005edeea8 method=org.gradle.model.internal.type.ModelType.wrap(Ljava/lang/reflect/Type;)Lorg/gradle/model/internal/type/TypeWrapper; @ 33
Event: 21.615 Thread 0x000000000517d800 Uncommon trap: reason=class_check action=maybe_recompile pc=0x0000000005edf090 method=org.gradle.model.internal.type.ModelType.wrap(Ljava/lang/reflect/Type;)Lorg/gradle/model/internal/type/TypeWrapper; @ 83
Event: 21.617 Thread 0x000000000517d800 Uncommon trap: reason=class_check action=maybe_recompile pc=0x0000000005edeea8 method=org.gradle.model.internal.type.ModelType.wrap(Ljava/lang/reflect/Type;)Lorg/gradle/model/internal/type/TypeWrapper; @ 33
Event: 21.617 Thread 0x000000000517d800 Uncommon trap: reason=class_check action=maybe_recompile pc=0x0000000005edf090 method=org.gradle.model.internal.type.ModelType.wrap(Ljava/lang/reflect/Type;)Lorg/gradle/model/internal/type/TypeWrapper; @ 83

Classes redefined (0 events):
No events

Internal exceptions (10 events):
Event: 21.482 Thread 0x000000000517d800 Exception <a 'java/lang/ClassNotFoundException': org/gradle/api/internal/tasks/DefaultTaskOutputsBeanInfo> (0x00000000dfc23b40) thrown at [C:\re\workspace\8-2-build-windows-amd64-cygwin\jdk8u171\10807\hotspot\src\share\vm\classfile\systemDictionary.cpp, l
Event: 21.482 Thread 0x000000000517d800 Exception <a 'java/lang/ClassNotFoundException': org/gradle/api/internal/tasks/DefaultTaskOutputsCustomizer> (0x00000000dfc34250) thrown at [C:\re\workspace\8-2-build-windows-amd64-cygwin\jdk8u171\10807\hotspot\src\share\vm\classfile\systemDictionary.cpp,
Event: 21.507 Thread 0x000000000517d800 Exception <a 'java/lang/ClassNotFoundException': org/apache/tools/ant/taskdefs/condition/OsBeanInfo> (0x00000000dfc70f20) thrown at [C:\re\workspace\8-2-build-windows-amd64-cygwin\jdk8u171\10807\hotspot\src\share\vm\classfile\systemDictionary.cpp, line 21
Event: 21.507 Thread 0x000000000517d800 Exception <a 'java/lang/ClassNotFoundException': org/apache/tools/ant/taskdefs/condition/OsCustomizer> (0x00000000dfc7b0a8) thrown at [C:\re\workspace\8-2-build-windows-amd64-cygwin\jdk8u171\10807\hotspot\src\share\vm\classfile\systemDictionary.cpp, line 
Event: 21.661 Thread 0x000000000517d800 Exception <a 'java/lang/ClassNotFoundException': org/gradle/platform/base/BinaryContainer_ImplBeanInfo> (0x00000000e01f4bd0) thrown at [C:\re\workspace\8-2-build-windows-amd64-cygwin\jdk8u171\10807\hotspot\src\share\vm\classfile\systemDictionary.cpp, line
Event: 21.662 Thread 0x000000000517d800 Exception <a 'java/lang/ClassNotFoundException': org/gradle/model/internal/core/NodeBackedModelMapBeanInfo> (0x00000000e02045e8) thrown at [C:\re\workspace\8-2-build-windows-amd64-cygwin\jdk8u171\10807\hotspot\src\share\vm\classfile\systemDictionary.cpp, 
Event: 21.662 Thread 0x000000000517d800 Exception <a 'java/lang/ClassNotFoundException': org/gradle/model/internal/core/ModelMapGroovyViewBeanInfo> (0x00000000e0214000) thrown at [C:\re\workspace\8-2-build-windows-amd64-cygwin\jdk8u171\10807\hotspot\src\share\vm\classfile\systemDictionary.cpp, 
Event: 21.662 Thread 0x000000000517d800 Exception <a 'java/lang/ClassNotFoundException': org/gradle/model/internal/core/ModelMapGroovyViewCustomizer> (0x00000000e02243b0) thrown at [C:\re\workspace\8-2-build-windows-amd64-cygwin\jdk8u171\10807\hotspot\src\share\vm\classfile\systemDictionary.cpp
Event: 21.663 Thread 0x000000000517d800 Exception <a 'java/lang/ClassNotFoundException': org/gradle/model/internal/core/NodeBackedModelMapCustomizer> (0x00000000e0247c10) thrown at [C:\re\workspace\8-2-build-windows-amd64-cygwin\jdk8u171\10807\hotspot\src\share\vm\classfile\systemDictionary.cpp
Event: 21.665 Thread 0x000000000517d800 Exception <a 'java/lang/ClassNotFoundException': org/gradle/platform/base/BinaryContainer_ImplCustomizer> (0x00000000e02a4318) thrown at [C:\re\workspace\8-2-build-windows-amd64-cygwin\jdk8u171\10807\hotspot\src\share\vm\classfile\systemDictionary.cpp, li

Events (10 events):
Event: 21.831 loading class java/util/stream/Streams$2
Event: 21.831 loading class java/util/stream/Streams$2 done
Event: 21.831 loading class com/android/build/api/transform/SecondaryFile
Event: 21.831 loading class com/android/build/api/transform/SecondaryFile done
Event: 21.831 loading class com/android/build/api/transform/SecondaryFile
Event: 21.831 loading class com/android/build/api/transform/SecondaryFile done
Event: 21.834 loading class java/util/stream/StreamSpliterators$WrappingSpliterator
Event: 21.834 loading class java/util/stream/StreamSpliterators$AbstractWrappingSpliterator
Event: 21.835 loading class java/util/stream/StreamSpliterators$AbstractWrappingSpliterator done
Event: 21.835 loading class java/util/stream/StreamSpliterators$WrappingSpliterator done


Dynamic libraries:
0x00007ff63c0f0000 - 0x00007ff63c127000 	C:\Program Files (x86)\Common Files\Oracle\Java\javapath\java.exe
0x00007ffb87f50000 - 0x00007ffb88130000 	C:\WINDOWS\SYSTEM32\ntdll.dll
0x00007ffb85810000 - 0x00007ffb858be000 	C:\WINDOWS\System32\KERNEL32.DLL
0x00007ffb84810000 - 0x00007ffb84a76000 	C:\WINDOWS\System32\KERNELBASE.dll
0x00007ffb87e70000 - 0x00007ffb87f11000 	C:\WINDOWS\System32\ADVAPI32.dll
0x00007ffb859d0000 - 0x00007ffb85a6d000 	C:\WINDOWS\System32\msvcrt.dll
0x00007ffb87970000 - 0x00007ffb879cb000 	C:\WINDOWS\System32\sechost.dll
0x00007ffb87ce0000 - 0x00007ffb87dff000 	C:\WINDOWS\System32\RPCRT4.dll
0x00007ffb861d0000 - 0x00007ffb8635f000 	C:\WINDOWS\System32\USER32.dll
0x00007ffb847f0000 - 0x00007ffb84810000 	C:\WINDOWS\System32\win32u.dll
0x00007ffb85d40000 - 0x00007ffb85d68000 	C:\WINDOWS\System32\GDI32.dll
0x00007ffb84b30000 - 0x00007ffb84cc3000 	C:\WINDOWS\System32\gdi32full.dll
0x00007ffb84350000 - 0x00007ffb843eb000 	C:\WINDOWS\System32\msvcp_win.dll
0x00007ffb84610000 - 0x00007ffb84706000 	C:\WINDOWS\System32\ucrtbase.dll
0x00007ffb76580000 - 0x00007ffb767e9000 	C:\WINDOWS\WinSxS\amd64_microsoft.windows.common-controls_6595b64144ccf1df_6.0.16299.125_none_15cbcf8893620c09\COMCTL32.dll
0x00007ffb879d0000 - 0x00007ffb87cd8000 	C:\WINDOWS\System32\combase.dll
0x00007ffb84710000 - 0x00007ffb84782000 	C:\WINDOWS\System32\bcryptPrimitives.dll
0x00007ffb85d10000 - 0x00007ffb85d3d000 	C:\WINDOWS\System32\IMM32.DLL
0x00000000509e0000 - 0x0000000050ab2000 	C:\Program Files\Java\jre1.8.0_171\bin\msvcr100.dll
0x0000000050140000 - 0x00000000509e0000 	C:\Program Files\Java\jre1.8.0_171\bin\server\jvm.dll
0x00007ffb85d70000 - 0x00007ffb85d78000 	C:\WINDOWS\System32\PSAPI.DLL
0x00007ffb7cdf0000 - 0x00007ffb7cdf9000 	C:\WINDOWS\SYSTEM32\WSOCK32.dll
0x00007ffb85420000 - 0x00007ffb8548c000 	C:\WINDOWS\System32\WS2_32.dll
0x00007ffb81770000 - 0x00007ffb81793000 	C:\WINDOWS\SYSTEM32\WINMM.dll
0x00007ffb7b580000 - 0x00007ffb7b58a000 	C:\WINDOWS\SYSTEM32\VERSION.dll
0x00007ffb81710000 - 0x00007ffb8173a000 	C:\WINDOWS\SYSTEM32\WINMMBASE.dll
0x00007ffb845c0000 - 0x00007ffb8460a000 	C:\WINDOWS\System32\cfgmgr32.dll
0x0000000050130000 - 0x000000005013f000 	C:\Program Files\Java\jre1.8.0_171\bin\verify.dll
0x0000000050100000 - 0x0000000050129000 	C:\Program Files\Java\jre1.8.0_171\bin\java.dll
0x00000000500e0000 - 0x00000000500f6000 	C:\Program Files\Java\jre1.8.0_171\bin\zip.dll
0x00007ffb864b0000 - 0x00007ffb878e6000 	C:\WINDOWS\System32\SHELL32.dll
0x00007ffb85920000 - 0x00007ffb859c6000 	C:\WINDOWS\System32\shcore.dll
0x00007ffb84cd0000 - 0x00007ffb85417000 	C:\WINDOWS\System32\windows.storage.dll
0x00007ffb87e00000 - 0x00007ffb87e51000 	C:\WINDOWS\System32\shlwapi.dll
0x00007ffb842c0000 - 0x00007ffb842d1000 	C:\WINDOWS\System32\kernel.appcore.dll
0x00007ffb84300000 - 0x00007ffb8434c000 	C:\WINDOWS\System32\powrprof.dll
0x00007ffb842e0000 - 0x00007ffb842fb000 	C:\WINDOWS\System32\profapi.dll
0x00000000500c0000 - 0x00000000500da000 	C:\Program Files\Java\jre1.8.0_171\bin\net.dll
0x00007ffb83b30000 - 0x00007ffb83b96000 	C:\WINDOWS\system32\mswsock.dll
0x00000000500a0000 - 0x00000000500b1000 	C:\Program Files\Java\jre1.8.0_171\bin\nio.dll
0x00007ffb7fd10000 - 0x00007ffb7fd22000 	C:\Users\MTWLABS\.gradle\native\19\windows-amd64\native-platform.dll
0x0000000180000000 - 0x0000000180037000 	C:\Users\MTWLABS\.gradle\native\jna\win32-amd64\jnidispatch.dll
0x00007ffb83cf0000 - 0x00007ffb83d07000 	C:\WINDOWS\SYSTEM32\CRYPTSP.dll
0x00007ffb83740000 - 0x00007ffb83773000 	C:\WINDOWS\system32\rsaenh.dll
0x00007ffb83e00000 - 0x00007ffb83e25000 	C:\WINDOWS\SYSTEM32\bcrypt.dll
0x00007ffb841d0000 - 0x00007ffb841f9000 	C:\WINDOWS\SYSTEM32\USERENV.dll
0x00007ffb83d10000 - 0x00007ffb83d1b000 	C:\WINDOWS\SYSTEM32\CRYPTBASE.dll
0x00007ffb838c0000 - 0x00007ffb838f9000 	C:\WINDOWS\SYSTEM32\IPHLPAPI.DLL
0x00007ffb85760000 - 0x00007ffb85768000 	C:\WINDOWS\System32\NSI.dll
0x00007ffb7f910000 - 0x00007ffb7f926000 	C:\WINDOWS\SYSTEM32\dhcpcsvc6.DLL
0x00007ffb7f890000 - 0x00007ffb7f8aa000 	C:\WINDOWS\SYSTEM32\dhcpcsvc.DLL
0x0000000050090000 - 0x000000005009d000 	C:\Program Files\Java\jre1.8.0_171\bin\management.dll
0x00007ffb79630000 - 0x00007ffb797f8000 	C:\WINDOWS\SYSTEM32\dbghelp.dll

VM Arguments:
jvm_args: -Dorg.gradle.appname=gradlew 
java_command: org.gradle.wrapper.GradleWrapperMain installDebug
java_class_path (initial): E:\reactnative\failed\android\\gradle\wrapper\gradle-wrapper.jar
Launcher Type: SUN_STANDARD

Environment Variables:
CLASSPATH=E:\reactnative\failed\android\\gradle\wrapper\gradle-wrapper.jar
PATH=C:\Program Files (x86)\Common Files\Oracle\Java\javapath;C:\WINDOWS\system32;C:\WINDOWS;C:\WINDOWS\System32\Wbem;C:\WINDOWS\System32\WindowsPowerShell\v1.0\;C:\Program Files\nodejs\;C:\Users\MTWLABS\AppData\Local\Microsoft\WindowsApps;C:\Users\MTWLABS\AppData\Roaming\npm;C:\Program Files\Microsoft VS Code\bin;C:\Program Files\Java\jdk1.8.0_171\bin
USERNAME=MTWLABS
OS=Windows_NT
PROCESSOR_IDENTIFIER=Intel64 Family 6 Model 60 Stepping 3, GenuineIntel



---------------  S Y S T E M  ---------------

OS: Windows 10.0 , 64 bit Build 16299 (10.0.16299.15)

CPU:total 4 (initial active 4) (4 cores per cpu, 1 threads per core) family 6 model 60 stepping 3, cmov, cx8, fxsr, mmx, sse, sse2, sse3, ssse3, sse4.1, sse4.2, popcnt, avx, avx2, aes, clmul, erms, lzcnt, tsc, tscinvbit, bmi1, bmi2

Memory: 4k page, physical 8285808k(2528724k free), swap 10645104k(3570120k free)

vm_info: Java HotSpot(TM) 64-Bit Server VM (25.171-b11) for windows-amd64 JRE (1.8.0_171-b11), built on Mar 28 2018 16:06:12 by "java_re" with MS VC++ 10.0 (VS2010)

time: Thu May 24 03:10:54 2018
elapsed time: 22 seconds (0d 0h 0m 22s)

