#
# A fatal error has been detected by the Java Runtime Environment:
#
#  EXCEPTION_ACCESS_VIOLATION (0xc0000005) at pc=0x0000000074b31fa5, pid=4136, tid=0x00000000000012c4
#
# JRE version: Java(TM) SE Runtime Environment (8.0_171-b11) (build 1.8.0_171-b11)
# Java VM: Java HotSpot(TM) 64-Bit Server VM (25.171-b11 mixed mode windows-amd64 compressed oops)
# Problematic frame:
# V  [jvm.dll+0x451fa5]
#
# Failed to write core dump. Minidumps are not enabled by default on client versions of Windows
#
# If you would like to submit a bug report, please visit:
#   http://bugreport.java.com/bugreport/crash.jsp
#

---------------  T H R E A D  ---------------

Current thread (0x00000000193ae800):  JavaThread "C2 CompilerThread0" daemon [_thread_in_native, id=4804, stack(0x000000001aaf0000,0x000000001abf0000)]

siginfo: ExceptionCode=0xc0000005, reading address 0x000000001e5dfff8

Registers:
RAX=0x0000000000000006, RBX=0x0000000000000000, RCX=0x000000001ed56518, RDX=0x000000001e5dfff8
RSP=0x000000001abeb770, RBP=0x0000000000000008, RSI=0x0000000000000000, RDI=0x000000001ed76680
R8 =0x000000001ed562f0, R9 =0x0000000000000001, R10=0x000000001ed566b8, R11=0x000000000000803d
R12=0x0000000000000000, R13=0x000000001ed562f0, R14=0x0000000000000001, R15=0x0000000000000008
RIP=0x0000000074b31fa5, EFLAGS=0x0000000000010212

Top of Stack: (sp=0x000000001abeb770)
0x000000001abeb770:   000000001abed098 0000000074c0505e
0x000000001abeb780:   000000001ed76680 000000001abec678
0x000000001abeb790:   000000001ed76680 0000000074bd96cc
0x000000001abeb7a0:   0000000000000001 0000000074bef049
0x000000001abeb7b0:   000000001e5377f0 000000001e5377f0
0x000000001abeb7c0:   000000001abec710 0000000000000000
0x000000001abeb7d0:   000000001ed562f0 0000000074bf0640
0x000000001abeb7e0:   000000001ed76680 000000001abeb930
0x000000001abeb7f0:   000000001ed76680 0000000000000800
0x000000001abeb800:   0000000019377200 000000000000000f
0x000000001abeb810:   00000000205d6750 000000001abeb930
0x000000001abeb820:   0000000000000001 0000000074ba6f97
0x000000001abeb830:   000000001abebc00 00000000193cf020
0x000000001abeb840:   000000001abebcc0 0000000019377200
0x000000001abeb850:   00000000205d67a0 00000000205de738
0x000000001abeb860:   000000000021a698 0000000019377200 

Instructions: (pc=0x0000000074b31fa5)
0x0000000074b31f85:   8b 04 ca 48 8b f9 4d 85 c0 74 27 49 8b 48 10 48
0x0000000074b31f95:   85 c9 74 1e 41 8b 40 20 48 8d 14 c1 48 83 ea 08
0x0000000074b31fa5:   48 39 3a 75 f7 ff c8 41 89 40 20 48 8b 0c c1 48
0x0000000074b31fb5:   89 0a 4b 89 1c ca 48 85 db 74 25 48 83 7b 10 00 


Register to memory mapping:

RAX=0x0000000000000006 is an unknown value
RBX=0x0000000000000000 is an unknown value
RCX=0x000000001ed56518 is an unknown value
RDX=0x000000001e5dfff8 is an unknown value
RSP=0x000000001abeb770 is pointing into the stack for thread: 0x00000000193ae800
RBP=0x0000000000000008 is an unknown value
RSI=0x0000000000000000 is an unknown value
RDI=0x000000001ed76680 is an unknown value
R8 =0x000000001ed562f0 is an unknown value
R9 =0x0000000000000001 is an unknown value
R10=0x000000001ed566b8 is an unknown value
R11=0x000000000000803d is an unknown value
R12=0x0000000000000000 is an unknown value
R13=0x000000001ed562f0 is an unknown value
R14=0x0000000000000001 is an unknown value
R15=0x0000000000000008 is an unknown value


Stack: [0x000000001aaf0000,0x000000001abf0000],  sp=0x000000001abeb770,  free space=1005k
Native frames: (J=compiled Java code, j=interpreted, Vv=VM code, C=native code)
V  [jvm.dll+0x451fa5]
V  [jvm.dll+0x4f96cc]
V  [jvm.dll+0x510640]
V  [jvm.dll+0x4c6f97]
V  [jvm.dll+0x4772a0]
V  [jvm.dll+0x4780d3]
V  [jvm.dll+0x45a902]
V  [jvm.dll+0xa6102]
V  [jvm.dll+0xa6a4f]
V  [jvm.dll+0x245adf]
V  [jvm.dll+0x29d40a]
C  [msvcr100.dll+0x21d9f]
C  [msvcr100.dll+0x21e3b]
C  [KERNEL32.DLL+0x11fe4]
C  [ntdll.dll+0x6f061]


Current CompileTask:
C2:   2997 1292       4       java.net.URLClassLoader$1::run (5 bytes)


---------------  P R O C E S S  ---------------

Java Threads: ( => current thread )
  0x000000001d7a8000 JavaThread "pool-1-thread-1" [_thread_blocked, id=4252, stack(0x000000001cf00000,0x000000001d000000)]
  0x000000001acf9800 JavaThread "Service Thread" daemon [_thread_blocked, id=2600, stack(0x000000001b1f0000,0x000000001b2f0000)]
  0x000000001acf1000 JavaThread "C1 CompilerThread2" daemon [_thread_blocked, id=4020, stack(0x000000001b0f0000,0x000000001b1f0000)]
  0x00000000193b2800 JavaThread "C2 CompilerThread1" daemon [_thread_in_native, id=10308, stack(0x000000001abf0000,0x000000001acf0000)]
=>0x00000000193ae800 JavaThread "C2 CompilerThread0" daemon [_thread_in_native, id=4804, stack(0x000000001aaf0000,0x000000001abf0000)]
  0x00000000193aa800 JavaThread "Attach Listener" daemon [_thread_blocked, id=9132, stack(0x000000001a9f0000,0x000000001aaf0000)]
  0x00000000193a9000 JavaThread "Signal Dispatcher" daemon [_thread_blocked, id=4432, stack(0x000000001a8f0000,0x000000001a9f0000)]
  0x000000001939a800 JavaThread "Finalizer" daemon [_thread_blocked, id=4184, stack(0x000000001a600000,0x000000001a700000)]
  0x0000000004850000 JavaThread "Reference Handler" daemon [_thread_blocked, id=10144, stack(0x000000001a500000,0x000000001a600000)]
  0x000000000465d800 JavaThread "main" [_thread_in_native, id=1196, stack(0x0000000004490000,0x0000000004590000)]

Other Threads:
  0x0000000019377800 VMThread [stack: 0x000000001a400000,0x000000001a500000] [id=9680]
  0x000000001acfb000 WatcherThread [stack: 0x000000001b2f0000,0x000000001b3f0000] [id=11248]

VM state:not at safepoint (normal execution)

VM Mutex/Monitor currently owned by a thread: None

Heap:
 PSYoungGen      total 38400K, used 35840K [0x00000000d5d80000, 0x00000000da880000, 0x0000000100000000)
  eden space 33280K, 92% used [0x00000000d5d80000,0x00000000d7b84348,0x00000000d7e00000)
  from space 5120K, 99% used [0x00000000d7e00000,0x00000000d82fc030,0x00000000d8300000)
  to   space 5120K, 0% used [0x00000000da380000,0x00000000da380000,0x00000000da880000)
 ParOldGen       total 87552K, used 4541K [0x0000000081800000, 0x0000000086d80000, 0x00000000d5d80000)
  object space 87552K, 5% used [0x0000000081800000,0x0000000081c6f7a0,0x0000000086d80000)
 Metaspace       used 20354K, capacity 20522K, committed 20864K, reserved 1067008K
  class space    used 2826K, capacity 2892K, committed 2944K, reserved 1048576K

Card table byte_map: [0x0000000013c20000,0x0000000014020000] byte_map_base: 0x0000000013814000

Marking Bits: (ParMarkBitMap*) 0x0000000074f008c0
 Begin Bits: [0x00000000146d0000, 0x0000000016670000)
 End Bits:   [0x0000000016670000, 0x0000000018610000)

Polling page: 0x00000000005f0000

CodeCache: size=245760Kb used=5912Kb max_used=5912Kb free=239847Kb
 bounds [0x0000000004860000, 0x0000000004e30000, 0x0000000013860000]
 total_blobs=2008 nmethods=1399 adapters=521
 compilation: enabled

Compilation events (10 events):
Event: 2.765 Thread 0x000000001acf1000 1343       3       org.gradle.model.internal.type.ClassTypeWrapper::unwrap (11 bytes)
Event: 2.765 Thread 0x000000001acf1000 nmethod 1343 0x0000000004e0b0d0 code [0x0000000004e0b240, 0x0000000004e0b510]
Event: 2.768 Thread 0x000000001acf1000 1344       3       java.util.TreeMap$PrivateEntryIterator::hasNext (13 bytes)
Event: 2.768 Thread 0x000000001acf1000 nmethod 1344 0x0000000004e0b5d0 code [0x0000000004e0b720, 0x0000000004e0b8d0]
Event: 2.768 Thread 0x000000001acf1000 1345       3       org.gradle.internal.Cast::uncheckedCast (2 bytes)
Event: 2.768 Thread 0x000000001acf1000 nmethod 1345 0x0000000004e0b950 code [0x0000000004e0baa0, 0x0000000004e0bbd0]
Event: 2.768 Thread 0x000000001acf1000 1346       3       com.google.common.collect.AbstractIterator::hasNext (65 bytes)
Event: 2.768 Thread 0x000000001acf1000 nmethod 1346 0x0000000004e0bc50 code [0x0000000004e0bde0, 0x0000000004e0c218]
Event: 2.768 Thread 0x000000001acf1000 1347       3       com.google.common.collect.UnmodifiableIterator::<init> (5 bytes)
Event: 2.768 Thread 0x000000001acf1000 nmethod 1347 0x0000000004e0c410 code [0x0000000004e0c560, 0x0000000004e0c710]

GC Heap History (6 events):
Event: 0.936 GC heap before
{Heap before GC invocations=1 (full 0):
 PSYoungGen      total 38400K, used 33280K [0x00000000d5d80000, 0x00000000d8800000, 0x0000000100000000)
  eden space 33280K, 100% used [0x00000000d5d80000,0x00000000d7e00000,0x00000000d7e00000)
  from space 5120K, 0% used [0x00000000d8300000,0x00000000d8300000,0x00000000d8800000)
  to   space 5120K, 0% used [0x00000000d7e00000,0x00000000d7e00000,0x00000000d8300000)
 ParOldGen       total 87552K, used 0K [0x0000000081800000, 0x0000000086d80000, 0x00000000d5d80000)
  object space 87552K, 0% used [0x0000000081800000,0x0000000081800000,0x0000000086d80000)
 Metaspace       used 8376K, capacity 8544K, committed 8704K, reserved 1056768K
  class space    used 1123K, capacity 1184K, committed 1280K, reserved 1048576K
Event: 0.942 GC heap after
Heap after GC invocations=1 (full 0):
 PSYoungGen      total 38400K, used 5065K [0x00000000d5d80000, 0x00000000d8800000, 0x0000000100000000)
  eden space 33280K, 0% used [0x00000000d5d80000,0x00000000d5d80000,0x00000000d7e00000)
  from space 5120K, 98% used [0x00000000d7e00000,0x00000000d82f24f8,0x00000000d8300000)
  to   space 5120K, 0% used [0x00000000d8300000,0x00000000d8300000,0x00000000d8800000)
 ParOldGen       total 87552K, used 8K [0x0000000081800000, 0x0000000086d80000, 0x00000000d5d80000)
  object space 87552K, 0% used [0x0000000081800000,0x0000000081802000,0x0000000086d80000)
 Metaspace       used 8376K, capacity 8544K, committed 8704K, reserved 1056768K
  class space    used 1123K, capacity 1184K, committed 1280K, reserved 1048576K
}
Event: 1.417 GC heap before
{Heap before GC invocations=2 (full 0):
 PSYoungGen      total 38400K, used 38345K [0x00000000d5d80000, 0x00000000d8800000, 0x0000000100000000)
  eden space 33280K, 100% used [0x00000000d5d80000,0x00000000d7e00000,0x00000000d7e00000)
  from space 5120K, 98% used [0x00000000d7e00000,0x00000000d82f24f8,0x00000000d8300000)
  to   space 5120K, 0% used [0x00000000d8300000,0x00000000d8300000,0x00000000d8800000)
 ParOldGen       total 87552K, used 8K [0x0000000081800000, 0x0000000086d80000, 0x00000000d5d80000)
  object space 87552K, 0% used [0x0000000081800000,0x0000000081802000,0x0000000086d80000)
 Metaspace       used 11291K, capacity 11544K, committed 11776K, reserved 1058816K
  class space    used 1590K, capacity 1672K, committed 1792K, reserved 1048576K
Event: 1.424 GC heap after
Heap after GC invocations=2 (full 0):
 PSYoungGen      total 38400K, used 5091K [0x00000000d5d80000, 0x00000000da880000, 0x0000000100000000)
  eden space 33280K, 0% used [0x00000000d5d80000,0x00000000d5d80000,0x00000000d7e00000)
  from space 5120K, 99% used [0x00000000d8300000,0x00000000d87f8e50,0x00000000d8800000)
  to   space 5120K, 0% used [0x00000000d7e00000,0x00000000d7e00000,0x00000000d8300000)
 ParOldGen       total 87552K, used 357K [0x0000000081800000, 0x0000000086d80000, 0x00000000d5d80000)
  object space 87552K, 0% used [0x0000000081800000,0x0000000081859710,0x0000000086d80000)
 Metaspace       used 11291K, capacity 11544K, committed 11776K, reserved 1058816K
  class space    used 1590K, capacity 1672K, committed 1792K, reserved 1048576K
}
Event: 2.274 GC heap before
{Heap before GC invocations=3 (full 0):
 PSYoungGen      total 38400K, used 38371K [0x00000000d5d80000, 0x00000000da880000, 0x0000000100000000)
  eden space 33280K, 100% used [0x00000000d5d80000,0x00000000d7e00000,0x00000000d7e00000)
  from space 5120K, 99% used [0x00000000d8300000,0x00000000d87f8e50,0x00000000d8800000)
  to   space 5120K, 0% used [0x00000000d7e00000,0x00000000d7e00000,0x00000000d8300000)
 ParOldGen       total 87552K, used 357K [0x0000000081800000, 0x0000000086d80000, 0x00000000d5d80000)
  object space 87552K, 0% used [0x0000000081800000,0x0000000081859710,0x0000000086d80000)
 Metaspace       used 17042K, capacity 17278K, committed 17408K, reserved 1064960K
  class space    used 2370K, capacity 2474K, committed 2560K, reserved 1048576K
Event: 2.320 GC heap after
Heap after GC invocations=3 (full 0):
 PSYoungGen      total 38400K, used 5104K [0x00000000d5d80000, 0x00000000da880000, 0x0000000100000000)
  eden space 33280K, 0% used [0x00000000d5d80000,0x00000000d5d80000,0x00000000d7e00000)
  from space 5120K, 99% used [0x00000000d7e00000,0x00000000d82fc030,0x00000000d8300000)
  to   space 5120K, 0% used [0x00000000da380000,0x00000000da380000,0x00000000da880000)
 ParOldGen       total 87552K, used 4541K [0x0000000081800000, 0x0000000086d80000, 0x00000000d5d80000)
  object space 87552K, 5% used [0x0000000081800000,0x0000000081c6f7a0,0x0000000086d80000)
 Metaspace       used 17042K, capacity 17278K, committed 17408K, reserved 1064960K
  class space    used 2370K, capacity 2474K, committed 2560K, reserved 1048576K
}

Deoptimization events (10 events):
Event: 2.212 Thread 0x000000000465d800 Uncommon trap: reason=class_check action=maybe_recompile pc=0x0000000004a2a090 method=sun.misc.URLClassPath.getLoader(I)Lsun/misc/URLClassPath$Loader; @ 239
Event: 2.251 Thread 0x000000000465d800 Uncommon trap: reason=class_check action=maybe_recompile pc=0x0000000004a2a090 method=sun.misc.URLClassPath.getLoader(I)Lsun/misc/URLClassPath$Loader; @ 239
Event: 2.542 Thread 0x000000000465d800 Uncommon trap: reason=unstable_if action=reinterpret pc=0x0000000004b5c960 method=java.util.HashMap.hash(Ljava/lang/Object;)I @ 1
Event: 2.549 Thread 0x000000000465d800 Uncommon trap: reason=unstable_if action=reinterpret pc=0x0000000004a7c7a8 method=java.util.HashMap.hash(Ljava/lang/Object;)I @ 1
Event: 2.647 Thread 0x000000000465d800 Uncommon trap: reason=unstable_if action=reinterpret pc=0x0000000004b42784 method=java.util.HashMap.getNode(ILjava/lang/Object;)Ljava/util/HashMap$Node; @ 53
Event: 2.647 Thread 0x000000000465d800 Uncommon trap: reason=unstable_if action=reinterpret pc=0x0000000004c1434c method=java.util.HashMap.hash(Ljava/lang/Object;)I @ 1
Event: 2.647 Thread 0x000000000465d800 Uncommon trap: reason=unstable_if action=reinterpret pc=0x0000000004ad73d4 method=java.util.HashMap.putVal(ILjava/lang/Object;Ljava/lang/Object;ZZ)Ljava/lang/Object; @ 85
Event: 2.665 Thread 0x000000000465d800 Uncommon trap: reason=class_check action=maybe_recompile pc=0x0000000004bd93c0 method=java.lang.reflect.Method.equals(Ljava/lang/Object;)Z @ 5
Event: 2.666 Thread 0x000000000465d800 Uncommon trap: reason=class_check action=maybe_recompile pc=0x0000000004bd93c0 method=java.lang.reflect.Method.equals(Ljava/lang/Object;)Z @ 5
Event: 2.760 Thread 0x000000000465d800 Uncommon trap: reason=unstable_if action=reinterpret pc=0x0000000004b5f4f0 method=java.util.LinkedHashMap.afterNodeInsertion(Z)V @ 1

Classes redefined (0 events):
No events

Internal exceptions (10 events):
Event: 2.326 Thread 0x000000000465d800 Exception <a 'java/lang/ClassNotFoundException': org/gradle/api/internal/project/AbstractPluginAwareBeanInfo> (0x00000000d5e81118) thrown at [C:\re\workspace\8-2-build-windows-amd64-cygwin\jdk8u171\10807\hotspot\src\share\vm\classfile\systemDictionary.cpp
Event: 2.326 Thread 0x000000000465d800 Exception <a 'java/lang/ClassNotFoundException': org/gradle/api/internal/project/AbstractPluginAwareCustomizer> (0x00000000d5ea1f00) thrown at [C:\re\workspace\8-2-build-windows-amd64-cygwin\jdk8u171\10807\hotspot\src\share\vm\classfile\systemDictionary.c
Event: 2.327 Thread 0x000000000465d800 Exception <a 'java/lang/ClassNotFoundException': org/gradle/initialization/BaseSettingsCustomizer> (0x00000000d5ec4378) thrown at [C:\re\workspace\8-2-build-windows-amd64-cygwin\jdk8u171\10807\hotspot\src\share\vm\classfile\systemDictionary.cpp, line 210]
Event: 2.328 Thread 0x000000000465d800 Exception <a 'java/lang/ClassNotFoundException': org/gradle/initialization/DefaultSettingsCustomizer> (0x00000000d5f2a1a8) thrown at [C:\re\workspace\8-2-build-windows-amd64-cygwin\jdk8u171\10807\hotspot\src\share\vm\classfile\systemDictionary.cpp, line 2
Event: 2.329 Thread 0x000000000465d800 Exception <a 'java/lang/ClassNotFoundException': org/gradle/initialization/DefaultSettings_DecoratedCustomizer> (0x00000000d5f4fe68) thrown at [C:\re\workspace\8-2-build-windows-amd64-cygwin\jdk8u171\10807\hotspot\src\share\vm\classfile\systemDictionary.c
Event: 2.335 Thread 0x000000000465d800 Exception <a 'java/lang/ClassNotFoundException': org/gradle/initialization/DefaultProjectDescriptorBeanInfo> (0x00000000d5fed648) thrown at [C:\re\workspace\8-2-build-windows-amd64-cygwin\jdk8u171\10807\hotspot\src\share\vm\classfile\systemDictionary.cpp,
Event: 2.335 Thread 0x000000000465d800 Exception <a 'java/lang/ClassNotFoundException': org/gradle/initialization/DefaultProjectDescriptorCustomizer> (0x00000000d600c6f0) thrown at [C:\re\workspace\8-2-build-windows-amd64-cygwin\jdk8u171\10807\hotspot\src\share\vm\classfile\systemDictionary.cp
Event: 2.542 Thread 0x000000000465d800 Implicit null exception at 0x0000000004b5c755 to 0x0000000004b5c951
Event: 2.549 Thread 0x000000000465d800 Implicit null exception at 0x0000000004a7c72f to 0x0000000004a7c799
Event: 2.647 Thread 0x000000000465d800 Implicit null exception at 0x0000000004c13d5b to 0x0000000004c14339

Events (10 events):
Event: 2.766 loading class org/gradle/model/internal/manage/binding/DefaultStructBindingsStore$6
Event: 2.766 loading class org/gradle/model/internal/manage/binding/DefaultStructBindingsStore$6 done
Event: 2.766 loading class org/gradle/model/internal/manage/binding/StructBindingExtractionContext
Event: 2.766 loading class org/gradle/model/internal/manage/binding/StructBindingExtractionContext done
Event: 2.767 loading class org/gradle/model/internal/manage/binding/DefaultStructBindingsStore$4
Event: 2.767 loading class org/gradle/model/internal/manage/binding/DefaultStructBindingsStore$4 done
Event: 2.767 loading class org/gradle/model/internal/manage/binding/DefaultStructBindingsStore$5
Event: 2.767 loading class org/gradle/model/internal/manage/binding/DefaultStructBindingsStore$5 done
Event: 2.768 loading class org/gradle/model/internal/manage/binding/DefaultStructBindings
Event: 2.768 loading class org/gradle/model/internal/manage/binding/DefaultStructBindings done


Dynamic libraries:
0x00007ff70cb30000 - 0x00007ff70cb67000 	C:\Program Files (x86)\Common Files\Oracle\Java\javapath\java.exe
0x00007ffece5c0000 - 0x00007ffece7a0000 	C:\WINDOWS\SYSTEM32\ntdll.dll
0x00007ffecc7d0000 - 0x00007ffecc87e000 	C:\WINDOWS\System32\KERNEL32.DLL
0x00007ffecaa20000 - 0x00007ffecac86000 	C:\WINDOWS\System32\KERNELBASE.dll
0x00007ffecc930000 - 0x00007ffecc9d1000 	C:\WINDOWS\System32\ADVAPI32.dll
0x00007ffece090000 - 0x00007ffece12d000 	C:\WINDOWS\System32\msvcrt.dll
0x00007ffecc3d0000 - 0x00007ffecc42b000 	C:\WINDOWS\System32\sechost.dll
0x00007ffecbda0000 - 0x00007ffecbebf000 	C:\WINDOWS\System32\RPCRT4.dll
0x00007ffecc210000 - 0x00007ffecc39f000 	C:\WINDOWS\System32\USER32.dll
0x00007ffecb620000 - 0x00007ffecb640000 	C:\WINDOWS\System32\win32u.dll
0x00007ffecc3a0000 - 0x00007ffecc3c8000 	C:\WINDOWS\System32\GDI32.dll
0x00007ffecac90000 - 0x00007ffecae23000 	C:\WINDOWS\System32\gdi32full.dll
0x00007ffecb580000 - 0x00007ffecb61b000 	C:\WINDOWS\System32\msvcp_win.dll
0x00007ffecb940000 - 0x00007ffecba36000 	C:\WINDOWS\System32\ucrtbase.dll
0x00007ffeb9900000 - 0x00007ffeb9b69000 	C:\WINDOWS\WinSxS\amd64_microsoft.windows.common-controls_6595b64144ccf1df_6.0.16299.431_none_15c7d3ee93659e73\COMCTL32.dll
0x00007ffecba90000 - 0x00007ffecbd98000 	C:\WINDOWS\System32\combase.dll
0x00007ffecb640000 - 0x00007ffecb6b2000 	C:\WINDOWS\System32\bcryptPrimitives.dll
0x00007ffecc090000 - 0x00007ffecc0bd000 	C:\WINDOWS\System32\IMM32.DLL
0x0000000074f80000 - 0x0000000075052000 	C:\Program Files\Java\jre1.8.0_171\bin\msvcr100.dll
0x00000000746e0000 - 0x0000000074f80000 	C:\Program Files\Java\jre1.8.0_171\bin\server\jvm.dll
0x00007ffecc610000 - 0x00007ffecc618000 	C:\WINDOWS\System32\PSAPI.DLL
0x00007ffeb9700000 - 0x00007ffeb9709000 	C:\WINDOWS\SYSTEM32\WSOCK32.dll
0x00007ffece020000 - 0x00007ffece08c000 	C:\WINDOWS\System32\WS2_32.dll
0x00007ffec74a0000 - 0x00007ffec74c3000 	C:\WINDOWS\SYSTEM32\WINMM.dll
0x00007ffec4b60000 - 0x00007ffec4b6a000 	C:\WINDOWS\SYSTEM32\VERSION.dll
0x00007ffec7440000 - 0x00007ffec746a000 	C:\WINDOWS\SYSTEM32\WINMMBASE.dll
0x00007ffecba40000 - 0x00007ffecba8a000 	C:\WINDOWS\System32\cfgmgr32.dll
0x00000000746d0000 - 0x00000000746df000 	C:\Program Files\Java\jre1.8.0_171\bin\verify.dll
0x00000000746a0000 - 0x00000000746c9000 	C:\Program Files\Java\jre1.8.0_171\bin\java.dll
0x0000000074680000 - 0x0000000074696000 	C:\Program Files\Java\jre1.8.0_171\bin\zip.dll
0x00007ffecc9e0000 - 0x00007ffecde18000 	C:\WINDOWS\System32\SHELL32.dll
0x00007ffecc880000 - 0x00007ffecc926000 	C:\WINDOWS\System32\shcore.dll
0x00007ffecae30000 - 0x00007ffecb577000 	C:\WINDOWS\System32\windows.storage.dll
0x00007ffecc440000 - 0x00007ffecc491000 	C:\WINDOWS\System32\shlwapi.dll
0x00007ffeca930000 - 0x00007ffeca941000 	C:\WINDOWS\System32\kernel.appcore.dll
0x00007ffeca970000 - 0x00007ffeca9bc000 	C:\WINDOWS\System32\powrprof.dll
0x00007ffeca910000 - 0x00007ffeca92b000 	C:\WINDOWS\System32\profapi.dll
0x0000000074660000 - 0x000000007467a000 	C:\Program Files\Java\jre1.8.0_171\bin\net.dll
0x00007ffeca1a0000 - 0x00007ffeca206000 	C:\WINDOWS\system32\mswsock.dll
0x0000000074640000 - 0x0000000074651000 	C:\Program Files\Java\jre1.8.0_171\bin\nio.dll
0x00007ffeb9c10000 - 0x00007ffeb9c22000 	C:\Users\MTWLABS\.gradle\native\19\windows-amd64\native-platform.dll
0x0000000180000000 - 0x0000000180037000 	C:\Users\MTWLABS\.gradle\native\jna\win32-amd64\jnidispatch.dll
0x00007ffeca360000 - 0x00007ffeca377000 	C:\WINDOWS\SYSTEM32\CRYPTSP.dll
0x00007ffec9da0000 - 0x00007ffec9dd3000 	C:\WINDOWS\system32\rsaenh.dll
0x00007ffeca470000 - 0x00007ffeca495000 	C:\WINDOWS\SYSTEM32\bcrypt.dll
0x00007ffeca840000 - 0x00007ffeca869000 	C:\WINDOWS\SYSTEM32\USERENV.dll
0x00007ffeca380000 - 0x00007ffeca38b000 	C:\WINDOWS\SYSTEM32\CRYPTBASE.dll
0x00007ffec9f30000 - 0x00007ffec9f69000 	C:\WINDOWS\SYSTEM32\IPHLPAPI.DLL
0x00007ffecc430000 - 0x00007ffecc438000 	C:\WINDOWS\System32\NSI.dll
0x00007ffec56c0000 - 0x00007ffec56d6000 	C:\WINDOWS\SYSTEM32\dhcpcsvc6.DLL
0x00007ffec56a0000 - 0x00007ffec56ba000 	C:\WINDOWS\SYSTEM32\dhcpcsvc.DLL
0x0000000074630000 - 0x000000007463d000 	C:\Program Files\Java\jre1.8.0_171\bin\management.dll
0x00007ffec11d0000 - 0x00007ffec1398000 	C:\WINDOWS\SYSTEM32\dbghelp.dll

VM Arguments:
jvm_args: -Dorg.gradle.appname=gradlew 
java_command: org.gradle.wrapper.GradleWrapperMain installDebug
java_class_path (initial): E:\reactnative\failed\android\\gradle\wrapper\gradle-wrapper.jar
Launcher Type: SUN_STANDARD

Environment Variables:
CLASSPATH=E:\reactnative\failed\android\\gradle\wrapper\gradle-wrapper.jar
PATH=C:\Program Files (x86)\Common Files\Oracle\Java\javapath;C:\WINDOWS\system32;C:\WINDOWS;C:\WINDOWS\System32\Wbem;C:\WINDOWS\System32\WindowsPowerShell\v1.0\;C:\Program Files\nodejs\;C:\Users\MTWLABS\AppData\Local\Microsoft\WindowsApps;C:\Users\MTWLABS\AppData\Roaming\npm;C:\Program Files\Microsoft VS Code\bin;C:\Program Files\Java\jdk1.8.0_171\bin
USERNAME=MTWLABS
OS=Windows_NT
PROCESSOR_IDENTIFIER=Intel64 Family 6 Model 60 Stepping 3, GenuineIntel



---------------  S Y S T E M  ---------------

OS: Windows 10.0 , 64 bit Build 16299 (10.0.16299.431)

CPU:total 4 (initial active 4) (4 cores per cpu, 1 threads per core) family 6 model 60 stepping 3, cmov, cx8, fxsr, mmx, sse, sse2, sse3, ssse3, sse4.1, sse4.2, popcnt, avx, avx2, aes, clmul, erms, lzcnt, tsc, tscinvbit, bmi1, bmi2

Memory: 4k page, physical 8285808k(2222800k free), swap 10251888k(2213008k free)

vm_info: Java HotSpot(TM) 64-Bit Server VM (25.171-b11) for windows-amd64 JRE (1.8.0_171-b11), built on Mar 28 2018 16:06:12 by "java_re" with MS VC++ 10.0 (VS2010)

time: Tue May 29 07:32:08 2018
elapsed time: 3 seconds (0d 0h 0m 3s)

